<?xml version="1.0" ?>
<!DOCTYPE coverage SYSTEM "http://cobertura.sourceforge.net/xml/coverage-04.dtd">
<coverage lines-valid="4880" lines-covered="4462" line-rate="0.9143" branches-valid="569" branches-covered="529" branch-rate="0.9297" timestamp="1708595717689" complexity="0" version="0.1">
	<sources >
		<source >
/home/alexander/Workspace/private/@phun-ky/speccer
		</source>
	</sources>
	<packages >
		<package name="speccer.src.config.__tests__" line-rate="1.0000" branch-rate="1.0000">
			<class name="dom.ts" filename="src/config/__tests__/dom.ts" line-rate="1.0000" branch-rate="1.0000">
				<methods >
					<method name="(anonymous_0)" hits="1" signature="()V">
						<lines >
							<line number="4" hits="1"/>
						</lines>
					</method>
					<method name="(anonymous_1)" hits="1" signature="()V">
						<lines >
							<line number="9" hits="1"/>
						</lines>
					</method>
					<method name="get" hits="2" signature="()V">
						<lines >
							<line number="13" hits="2"/>
						</lines>
					</method>
					<method name="(anonymous_3)" hits="2" signature="()V">
						<lines >
							<line number="13" hits="2"/>
						</lines>
					</method>
					<method name="(anonymous_4)" hits="1" signature="()V">
						<lines >
							<line number="15" hits="1"/>
						</lines>
					</method>
					<method name="(anonymous_5)" hits="2" signature="()V">
						<lines >
							<line number="21" hits="2"/>
						</lines>
					</method>
					<method name="(anonymous_6)" hits="1" signature="()V">
						<lines >
							<line number="25" hits="1"/>
						</lines>
					</method>
					<method name="(anonymous_7)" hits="1" signature="()V">
						<lines >
							<line number="42" hits="1"/>
						</lines>
					</method>
				</methods>
				<lines >
					<line number="1" hits="1" branch="true" condition-coverage="100% (1/1)"/>
					<line number="2" hits="1" branch="false"/>
					<line number="3" hits="1" branch="false"/>
					<line number="4" hits="1" branch="true" condition-coverage="100% (1/1)"/>
					<line number="5" hits="1" branch="false"/>
					<line number="6" hits="1" branch="false"/>
					<line number="7" hits="1" branch="false"/>
					<line number="8" hits="1" branch="false"/>
					<line number="9" hits="1" branch="true" condition-coverage="100% (1/1)"/>
					<line number="10" hits="1" branch="false"/>
					<line number="11" hits="1" branch="false"/>
					<line number="12" hits="1" branch="false"/>
					<line number="13" hits="1" branch="true" condition-coverage="100% (2/2)"/>
					<line number="14" hits="2" branch="false"/>
					<line number="15" hits="2" branch="true" condition-coverage="100% (1/1)"/>
					<line number="16" hits="2" branch="false"/>
					<line number="17" hits="2" branch="false"/>
					<line number="18" hits="2" branch="false"/>
					<line number="19" hits="2" branch="false"/>
					<line number="20" hits="2" branch="false"/>
					<line number="21" hits="1" branch="true" condition-coverage="100% (1/1)"/>
					<line number="22" hits="1" branch="false"/>
					<line number="23" hits="1" branch="false"/>
					<line number="24" hits="1" branch="false"/>
					<line number="25" hits="1" branch="true" condition-coverage="100% (1/1)"/>
					<line number="26" hits="1" branch="false"/>
					<line number="27" hits="1" branch="false"/>
					<line number="28" hits="1" branch="false"/>
					<line number="29" hits="1" branch="false"/>
					<line number="30" hits="1" branch="false"/>
					<line number="31" hits="1" branch="false"/>
					<line number="32" hits="1" branch="false"/>
					<line number="33" hits="1" branch="false"/>
					<line number="34" hits="1" branch="false"/>
					<line number="35" hits="1" branch="false"/>
					<line number="36" hits="1" branch="false"/>
					<line number="37" hits="1" branch="false"/>
					<line number="38" hits="1" branch="false"/>
					<line number="39" hits="1" branch="false"/>
					<line number="40" hits="1" branch="false"/>
					<line number="41" hits="1" branch="false"/>
					<line number="42" hits="1" branch="true" condition-coverage="100% (1/1)"/>
					<line number="43" hits="1" branch="false"/>
					<line number="44" hits="1" branch="false"/>
					<line number="45" hits="1" branch="false"/>
					<line number="46" hits="1" branch="false"/>
					<line number="47" hits="1" branch="false"/>
					<line number="48" hits="1" branch="false"/>
					<line number="49" hits="1" branch="false"/>
					<line number="50" hits="1" branch="false"/>
					<line number="51" hits="1" branch="false"/>
					<line number="52" hits="1" branch="false"/>
					<line number="53" hits="1" branch="false"/>
					<line number="54" hits="1" branch="false"/>
					<line number="55" hits="1" branch="false"/>
					<line number="56" hits="1" branch="false"/>
					<line number="57" hits="1" branch="false"/>
					<line number="58" hits="1" branch="false"/>
					<line number="59" hits="1" branch="false"/>
					<line number="60" hits="1" branch="false"/>
				</lines>
			</class>
			<class name="manual.ts" filename="src/config/__tests__/manual.ts" line-rate="1.0000" branch-rate="1.0000">
				<methods >
					<method name="(anonymous_0)" hits="1" signature="()V">
						<lines >
							<line number="4" hits="1"/>
						</lines>
					</method>
					<method name="(anonymous_1)" hits="1" signature="()V">
						<lines >
							<line number="7" hits="1"/>
						</lines>
					</method>
				</methods>
				<lines >
					<line number="1" hits="1" branch="true" condition-coverage="100% (1/1)"/>
					<line number="2" hits="1" branch="false"/>
					<line number="3" hits="1" branch="false"/>
					<line number="4" hits="1" branch="true" condition-coverage="100% (1/1)"/>
					<line number="5" hits="1" branch="false"/>
					<line number="6" hits="1" branch="false"/>
					<line number="7" hits="1" branch="true" condition-coverage="100% (1/1)"/>
					<line number="8" hits="1" branch="false"/>
					<line number="9" hits="1" branch="false"/>
					<line number="10" hits="1" branch="false"/>
					<line number="11" hits="1" branch="false"/>
					<line number="12" hits="1" branch="false"/>
					<line number="13" hits="1" branch="false"/>
					<line number="14" hits="1" branch="false"/>
					<line number="15" hits="1" branch="false"/>
				</lines>
			</class>
		</package>
		<package name="speccer.src.config" line-rate="0.5748" branch-rate="1.0000">
			<class name="browser.ts" filename="src/config/browser.ts" line-rate="0.5748" branch-rate="1.0000">
				<methods >
					<method name="__name" hits="8" signature="()V">
						<lines >
							<line number="3" hits="8"/>
						</lines>
					</method>
					<method name="(anonymous_1)" hits="2" signature="()V">
						<lines >
							<line number="10" hits="2"/>
						</lines>
					</method>
					<method name="(anonymous_2)" hits="0" signature="()V">
						<lines >
							<line number="16" hits="0"/>
						</lines>
					</method>
					<method name="(anonymous_3)" hits="1" signature="()V">
						<lines >
							<line number="54" hits="1"/>
						</lines>
					</method>
					<method name="(anonymous_4)" hits="0" signature="()V">
						<lines >
							<line number="56" hits="0"/>
						</lines>
					</method>
					<method name="(anonymous_5)" hits="1" signature="()V">
						<lines >
							<line number="12" hits="1"/>
						</lines>
					</method>
				</methods>
				<lines >
					<line number="1" hits="2" branch="true" condition-coverage="100% (1/1)"/>
					<line number="2" hits="2" branch="false"/>
					<line number="3" hits="2" branch="true" condition-coverage="100% (1/1)"/>
					<line number="4" hits="2" branch="false"/>
					<line number="5" hits="2" branch="false"/>
					<line number="6" hits="2" branch="false"/>
					<line number="7" hits="2" branch="false"/>
					<line number="8" hits="2" branch="false"/>
					<line number="9" hits="2" branch="false"/>
					<line number="10" hits="2" branch="true" condition-coverage="100% (1/1)"/>
					<line number="11" hits="2" branch="false"/>
					<line number="12" hits="2" branch="true" condition-coverage="100% (2/2)"/>
					<line number="13" hits="1" branch="false"/>
					<line number="14" hits="2" branch="false"/>
					<line number="15" hits="2" branch="false"/>
					<line number="16" hits="2" branch="false"/>
					<line number="17" hits="0" branch="false"/>
					<line number="18" hits="0" branch="false"/>
					<line number="19" hits="0" branch="false"/>
					<line number="20" hits="0" branch="false"/>
					<line number="21" hits="0" branch="false"/>
					<line number="22" hits="0" branch="false"/>
					<line number="23" hits="0" branch="false"/>
					<line number="24" hits="0" branch="false"/>
					<line number="25" hits="0" branch="false"/>
					<line number="26" hits="0" branch="false"/>
					<line number="27" hits="0" branch="false"/>
					<line number="28" hits="0" branch="false"/>
					<line number="29" hits="0" branch="false"/>
					<line number="30" hits="0" branch="false"/>
					<line number="31" hits="0" branch="false"/>
					<line number="32" hits="0" branch="false"/>
					<line number="33" hits="0" branch="false"/>
					<line number="34" hits="0" branch="false"/>
					<line number="35" hits="0" branch="false"/>
					<line number="36" hits="0" branch="false"/>
					<line number="37" hits="0" branch="false"/>
					<line number="38" hits="0" branch="false"/>
					<line number="39" hits="0" branch="false"/>
					<line number="40" hits="0" branch="false"/>
					<line number="41" hits="0" branch="false"/>
					<line number="42" hits="0" branch="false"/>
					<line number="43" hits="0" branch="false"/>
					<line number="44" hits="0" branch="false"/>
					<line number="45" hits="0" branch="false"/>
					<line number="46" hits="0" branch="false"/>
					<line number="47" hits="0" branch="false"/>
					<line number="48" hits="0" branch="false"/>
					<line number="49" hits="0" branch="false"/>
					<line number="50" hits="0" branch="false"/>
					<line number="51" hits="0" branch="false"/>
					<line number="52" hits="0" branch="false"/>
					<line number="53" hits="0" branch="false"/>
					<line number="54" hits="2" branch="true" condition-coverage="100% (1/1)"/>
					<line number="55" hits="2" branch="false"/>
					<line number="56" hits="0" branch="false"/>
					<line number="57" hits="0" branch="false"/>
					<line number="58" hits="0" branch="false"/>
					<line number="59" hits="0" branch="false"/>
					<line number="60" hits="0" branch="false"/>
					<line number="61" hits="0" branch="false"/>
					<line number="62" hits="0" branch="false"/>
					<line number="63" hits="0" branch="false"/>
					<line number="64" hits="0" branch="false"/>
					<line number="65" hits="0" branch="false"/>
					<line number="66" hits="0" branch="false"/>
					<line number="67" hits="0" branch="false"/>
					<line number="68" hits="0" branch="false"/>
					<line number="69" hits="0" branch="false"/>
					<line number="70" hits="0" branch="false"/>
					<line number="71" hits="0" branch="false"/>
					<line number="72" hits="0" branch="false"/>
					<line number="73" hits="2" branch="false"/>
					<line number="74" hits="2" branch="false"/>
					<line number="75" hits="2" branch="false"/>
					<line number="76" hits="2" branch="false"/>
					<line number="77" hits="2" branch="false"/>
					<line number="78" hits="2" branch="false"/>
					<line number="79" hits="2" branch="false"/>
					<line number="80" hits="2" branch="false"/>
					<line number="81" hits="2" branch="false"/>
					<line number="82" hits="2" branch="false"/>
					<line number="83" hits="2" branch="false"/>
					<line number="84" hits="2" branch="false"/>
					<line number="85" hits="2" branch="false"/>
					<line number="86" hits="2" branch="false"/>
					<line number="87" hits="2" branch="false"/>
					<line number="88" hits="2" branch="false"/>
					<line number="89" hits="2" branch="false"/>
					<line number="90" hits="2" branch="false"/>
					<line number="91" hits="2" branch="false"/>
					<line number="92" hits="2" branch="false"/>
					<line number="93" hits="2" branch="false"/>
					<line number="94" hits="2" branch="false"/>
					<line number="95" hits="2" branch="false"/>
					<line number="96" hits="2" branch="false"/>
					<line number="97" hits="2" branch="false"/>
					<line number="98" hits="2" branch="false"/>
					<line number="99" hits="2" branch="false"/>
					<line number="100" hits="2" branch="false"/>
					<line number="101" hits="2" branch="false"/>
					<line number="102" hits="2" branch="false"/>
					<line number="103" hits="2" branch="false"/>
					<line number="104" hits="2" branch="false"/>
					<line number="105" hits="2" branch="false"/>
					<line number="106" hits="2" branch="false"/>
					<line number="107" hits="2" branch="false"/>
					<line number="108" hits="2" branch="false"/>
					<line number="109" hits="2" branch="false"/>
					<line number="110" hits="2" branch="false"/>
					<line number="111" hits="2" branch="false"/>
					<line number="112" hits="2" branch="false"/>
					<line number="113" hits="2" branch="false"/>
					<line number="114" hits="2" branch="false"/>
					<line number="115" hits="2" branch="false"/>
					<line number="116" hits="2" branch="false"/>
					<line number="117" hits="2" branch="false"/>
					<line number="118" hits="2" branch="false"/>
					<line number="119" hits="2" branch="false"/>
					<line number="120" hits="2" branch="false"/>
					<line number="121" hits="2" branch="false"/>
					<line number="122" hits="2" branch="false"/>
					<line number="123" hits="2" branch="false"/>
					<line number="124" hits="2" branch="false"/>
					<line number="125" hits="2" branch="false"/>
					<line number="126" hits="2" branch="false"/>
					<line number="127" hits="2" branch="false"/>
				</lines>
			</class>
		</package>
		<package name="speccer.src.features.dissect" line-rate="0.5932" branch-rate="1.0000">
			<class name="index.ts" filename="src/features/dissect/index.ts" line-rate="0.5932" branch-rate="1.0000">
				<methods >
					<method name="__name" hits="4" signature="()V">
						<lines >
							<line number="2" hits="4"/>
						</lines>
					</method>
					<method name="(anonymous_1)" hits="0" signature="()V">
						<lines >
							<line number="13" hits="0"/>
						</lines>
					</method>
					<method name="(anonymous_2)" hits="0" signature="()V">
						<lines >
							<line number="32" hits="0"/>
						</lines>
					</method>
				</methods>
				<lines >
					<line number="1" hits="2" branch="true" condition-coverage="100% (1/1)"/>
					<line number="2" hits="2" branch="true" condition-coverage="100% (1/1)"/>
					<line number="3" hits="2" branch="false"/>
					<line number="4" hits="2" branch="false"/>
					<line number="5" hits="2" branch="false"/>
					<line number="6" hits="2" branch="false"/>
					<line number="7" hits="2" branch="false"/>
					<line number="8" hits="2" branch="false"/>
					<line number="9" hits="2" branch="false"/>
					<line number="10" hits="2" branch="false"/>
					<line number="11" hits="2" branch="false"/>
					<line number="12" hits="2" branch="false"/>
					<line number="13" hits="2" branch="false"/>
					<line number="14" hits="0" branch="false"/>
					<line number="15" hits="0" branch="false"/>
					<line number="16" hits="0" branch="false"/>
					<line number="17" hits="0" branch="false"/>
					<line number="18" hits="0" branch="false"/>
					<line number="19" hits="0" branch="false"/>
					<line number="20" hits="0" branch="false"/>
					<line number="21" hits="0" branch="false"/>
					<line number="22" hits="0" branch="false"/>
					<line number="23" hits="0" branch="false"/>
					<line number="24" hits="0" branch="false"/>
					<line number="25" hits="0" branch="false"/>
					<line number="26" hits="0" branch="false"/>
					<line number="27" hits="0" branch="false"/>
					<line number="28" hits="0" branch="false"/>
					<line number="29" hits="0" branch="false"/>
					<line number="30" hits="0" branch="false"/>
					<line number="31" hits="2" branch="false"/>
					<line number="32" hits="2" branch="false"/>
					<line number="33" hits="0" branch="false"/>
					<line number="34" hits="0" branch="false"/>
					<line number="35" hits="0" branch="false"/>
					<line number="36" hits="0" branch="false"/>
					<line number="37" hits="0" branch="false"/>
					<line number="38" hits="0" branch="false"/>
					<line number="39" hits="0" branch="false"/>
					<line number="40" hits="0" branch="false"/>
					<line number="41" hits="0" branch="false"/>
					<line number="42" hits="0" branch="false"/>
					<line number="43" hits="0" branch="false"/>
					<line number="44" hits="0" branch="false"/>
					<line number="45" hits="0" branch="false"/>
					<line number="46" hits="0" branch="false"/>
					<line number="47" hits="0" branch="false"/>
					<line number="48" hits="0" branch="false"/>
					<line number="49" hits="0" branch="false"/>
					<line number="50" hits="0" branch="false"/>
					<line number="51" hits="0" branch="false"/>
					<line number="52" hits="0" branch="false"/>
					<line number="53" hits="0" branch="false"/>
					<line number="54" hits="0" branch="false"/>
					<line number="55" hits="0" branch="false"/>
					<line number="56" hits="0" branch="false"/>
					<line number="57" hits="0" branch="false"/>
					<line number="58" hits="0" branch="false"/>
					<line number="59" hits="0" branch="false"/>
					<line number="60" hits="0" branch="false"/>
					<line number="61" hits="0" branch="false"/>
					<line number="62" hits="0" branch="false"/>
					<line number="63" hits="0" branch="false"/>
					<line number="64" hits="2" branch="false"/>
					<line number="65" hits="2" branch="false"/>
					<line number="66" hits="2" branch="false"/>
					<line number="67" hits="2" branch="false"/>
					<line number="68" hits="2" branch="false"/>
					<line number="69" hits="2" branch="false"/>
					<line number="70" hits="2" branch="false"/>
					<line number="71" hits="2" branch="false"/>
					<line number="72" hits="2" branch="false"/>
					<line number="73" hits="2" branch="false"/>
					<line number="74" hits="2" branch="false"/>
					<line number="75" hits="2" branch="false"/>
					<line number="76" hits="2" branch="false"/>
					<line number="77" hits="2" branch="false"/>
					<line number="78" hits="2" branch="false"/>
					<line number="79" hits="2" branch="false"/>
					<line number="80" hits="2" branch="false"/>
					<line number="81" hits="2" branch="false"/>
					<line number="82" hits="2" branch="false"/>
					<line number="83" hits="2" branch="false"/>
					<line number="84" hits="2" branch="false"/>
					<line number="85" hits="2" branch="false"/>
					<line number="86" hits="2" branch="false"/>
					<line number="87" hits="2" branch="false"/>
					<line number="88" hits="2" branch="false"/>
					<line number="89" hits="2" branch="false"/>
					<line number="90" hits="2" branch="false"/>
					<line number="91" hits="2" branch="false"/>
					<line number="92" hits="2" branch="false"/>
					<line number="93" hits="2" branch="false"/>
					<line number="94" hits="2" branch="false"/>
					<line number="95" hits="2" branch="false"/>
					<line number="96" hits="2" branch="false"/>
					<line number="97" hits="2" branch="false"/>
					<line number="98" hits="2" branch="false"/>
					<line number="99" hits="2" branch="false"/>
					<line number="100" hits="2" branch="false"/>
					<line number="101" hits="2" branch="false"/>
					<line number="102" hits="2" branch="false"/>
					<line number="103" hits="2" branch="false"/>
					<line number="104" hits="2" branch="false"/>
					<line number="105" hits="2" branch="false"/>
					<line number="106" hits="2" branch="false"/>
					<line number="107" hits="2" branch="false"/>
					<line number="108" hits="2" branch="false"/>
					<line number="109" hits="2" branch="false"/>
					<line number="110" hits="2" branch="false"/>
					<line number="111" hits="2" branch="false"/>
					<line number="112" hits="2" branch="false"/>
					<line number="113" hits="2" branch="false"/>
					<line number="114" hits="2" branch="false"/>
					<line number="115" hits="2" branch="false"/>
					<line number="116" hits="2" branch="false"/>
					<line number="117" hits="2" branch="false"/>
					<line number="118" hits="2" branch="false"/>
				</lines>
			</class>
		</package>
		<package name="speccer.src.features.dissect.utils.__tests__" line-rate="1.0000" branch-rate="1.0000">
			<class name="styles.ts" filename="src/features/dissect/utils/__tests__/styles.ts" line-rate="1.0000" branch-rate="1.0000">
				<methods >
					<method name="(anonymous_0)" hits="1" signature="()V">
						<lines >
							<line number="6" hits="1"/>
						</lines>
					</method>
					<method name="(anonymous_1)" hits="1" signature="()V">
						<lines >
							<line number="7" hits="1"/>
						</lines>
					</method>
					<method name="(anonymous_2)" hits="1" signature="()V">
						<lines >
							<line number="16" hits="1"/>
						</lines>
					</method>
					<method name="(anonymous_3)" hits="1" signature="()V">
						<lines >
							<line number="25" hits="1"/>
						</lines>
					</method>
					<method name="(anonymous_4)" hits="1" signature="()V">
						<lines >
							<line number="35" hits="1"/>
						</lines>
					</method>
					<method name="(anonymous_5)" hits="1" signature="()V">
						<lines >
							<line number="44" hits="1"/>
						</lines>
					</method>
					<method name="(anonymous_6)" hits="1" signature="()V">
						<lines >
							<line number="54" hits="1"/>
						</lines>
					</method>
					<method name="(anonymous_7)" hits="1" signature="()V">
						<lines >
							<line number="62" hits="1"/>
						</lines>
					</method>
					<method name="(anonymous_8)" hits="1" signature="()V">
						<lines >
							<line number="73" hits="1"/>
						</lines>
					</method>
					<method name="(anonymous_9)" hits="1" signature="()V">
						<lines >
							<line number="81" hits="1"/>
						</lines>
					</method>
					<method name="(anonymous_10)" hits="1" signature="()V">
						<lines >
							<line number="90" hits="1"/>
						</lines>
					</method>
					<method name="(anonymous_11)" hits="1" signature="()V">
						<lines >
							<line number="101" hits="1"/>
						</lines>
					</method>
					<method name="(anonymous_12)" hits="1" signature="()V">
						<lines >
							<line number="110" hits="1"/>
						</lines>
					</method>
				</methods>
				<lines >
					<line number="1" hits="1" branch="true" condition-coverage="100% (1/1)"/>
					<line number="2" hits="1" branch="false"/>
					<line number="3" hits="1" branch="false"/>
					<line number="4" hits="1" branch="false"/>
					<line number="5" hits="1" branch="false"/>
					<line number="6" hits="1" branch="true" condition-coverage="100% (1/1)"/>
					<line number="7" hits="1" branch="true" condition-coverage="100% (1/1)"/>
					<line number="8" hits="1" branch="false"/>
					<line number="9" hits="1" branch="false"/>
					<line number="10" hits="1" branch="false"/>
					<line number="11" hits="1" branch="false"/>
					<line number="12" hits="1" branch="false"/>
					<line number="13" hits="1" branch="false"/>
					<line number="14" hits="1" branch="false"/>
					<line number="15" hits="1" branch="false"/>
					<line number="16" hits="1" branch="true" condition-coverage="100% (1/1)"/>
					<line number="17" hits="1" branch="false"/>
					<line number="18" hits="1" branch="false"/>
					<line number="19" hits="1" branch="false"/>
					<line number="20" hits="1" branch="false"/>
					<line number="21" hits="1" branch="false"/>
					<line number="22" hits="1" branch="false"/>
					<line number="23" hits="1" branch="false"/>
					<line number="24" hits="1" branch="false"/>
					<line number="25" hits="1" branch="true" condition-coverage="100% (1/1)"/>
					<line number="26" hits="1" branch="false"/>
					<line number="27" hits="1" branch="false"/>
					<line number="28" hits="1" branch="false"/>
					<line number="29" hits="1" branch="false"/>
					<line number="30" hits="1" branch="false"/>
					<line number="31" hits="1" branch="false"/>
					<line number="32" hits="1" branch="false"/>
					<line number="33" hits="1" branch="false"/>
					<line number="34" hits="1" branch="false"/>
					<line number="35" hits="1" branch="true" condition-coverage="100% (1/1)"/>
					<line number="36" hits="1" branch="false"/>
					<line number="37" hits="1" branch="false"/>
					<line number="38" hits="1" branch="false"/>
					<line number="39" hits="1" branch="false"/>
					<line number="40" hits="1" branch="false"/>
					<line number="41" hits="1" branch="false"/>
					<line number="42" hits="1" branch="false"/>
					<line number="43" hits="1" branch="false"/>
					<line number="44" hits="1" branch="true" condition-coverage="100% (1/1)"/>
					<line number="45" hits="1" branch="false"/>
					<line number="46" hits="1" branch="false"/>
					<line number="47" hits="1" branch="false"/>
					<line number="48" hits="1" branch="false"/>
					<line number="49" hits="1" branch="false"/>
					<line number="50" hits="1" branch="false"/>
					<line number="51" hits="1" branch="false"/>
					<line number="52" hits="1" branch="false"/>
					<line number="53" hits="1" branch="false"/>
					<line number="54" hits="1" branch="true" condition-coverage="100% (1/1)"/>
					<line number="55" hits="1" branch="false"/>
					<line number="56" hits="1" branch="false"/>
					<line number="57" hits="1" branch="false"/>
					<line number="58" hits="1" branch="false"/>
					<line number="59" hits="1" branch="false"/>
					<line number="60" hits="1" branch="false"/>
					<line number="61" hits="1" branch="false"/>
					<line number="62" hits="1" branch="true" condition-coverage="100% (1/1)"/>
					<line number="63" hits="1" branch="false"/>
					<line number="64" hits="1" branch="false"/>
					<line number="65" hits="1" branch="false"/>
					<line number="66" hits="1" branch="false"/>
					<line number="67" hits="1" branch="false"/>
					<line number="68" hits="1" branch="false"/>
					<line number="69" hits="1" branch="false"/>
					<line number="70" hits="1" branch="false"/>
					<line number="71" hits="1" branch="false"/>
					<line number="72" hits="1" branch="false"/>
					<line number="73" hits="1" branch="true" condition-coverage="100% (1/1)"/>
					<line number="74" hits="1" branch="false"/>
					<line number="75" hits="1" branch="false"/>
					<line number="76" hits="1" branch="false"/>
					<line number="77" hits="1" branch="false"/>
					<line number="78" hits="1" branch="false"/>
					<line number="79" hits="1" branch="false"/>
					<line number="80" hits="1" branch="false"/>
					<line number="81" hits="1" branch="true" condition-coverage="100% (1/1)"/>
					<line number="82" hits="1" branch="false"/>
					<line number="83" hits="1" branch="false"/>
					<line number="84" hits="1" branch="false"/>
					<line number="85" hits="1" branch="false"/>
					<line number="86" hits="1" branch="false"/>
					<line number="87" hits="1" branch="false"/>
					<line number="88" hits="1" branch="false"/>
					<line number="89" hits="1" branch="false"/>
					<line number="90" hits="1" branch="true" condition-coverage="100% (1/1)"/>
					<line number="91" hits="1" branch="false"/>
					<line number="92" hits="1" branch="false"/>
					<line number="93" hits="1" branch="false"/>
					<line number="94" hits="1" branch="false"/>
					<line number="95" hits="1" branch="false"/>
					<line number="96" hits="1" branch="false"/>
					<line number="97" hits="1" branch="false"/>
					<line number="98" hits="1" branch="false"/>
					<line number="99" hits="1" branch="false"/>
					<line number="100" hits="1" branch="false"/>
					<line number="101" hits="1" branch="true" condition-coverage="100% (1/1)"/>
					<line number="102" hits="1" branch="false"/>
					<line number="103" hits="1" branch="false"/>
					<line number="104" hits="1" branch="false"/>
					<line number="105" hits="1" branch="false"/>
					<line number="106" hits="1" branch="false"/>
					<line number="107" hits="1" branch="false"/>
					<line number="108" hits="1" branch="false"/>
					<line number="109" hits="1" branch="false"/>
					<line number="110" hits="1" branch="true" condition-coverage="100% (1/1)"/>
					<line number="111" hits="1" branch="false"/>
					<line number="112" hits="1" branch="false"/>
					<line number="113" hits="1" branch="false"/>
					<line number="114" hits="1" branch="false"/>
					<line number="115" hits="1" branch="false"/>
					<line number="116" hits="1" branch="false"/>
					<line number="117" hits="1" branch="false"/>
					<line number="118" hits="1" branch="false"/>
					<line number="119" hits="1" branch="false"/>
					<line number="120" hits="1" branch="false"/>
					<line number="121" hits="1" branch="false"/>
					<line number="122" hits="1" branch="false"/>
					<line number="123" hits="1" branch="false"/>
					<line number="124" hits="1" branch="false"/>
					<line number="125" hits="1" branch="false"/>
					<line number="126" hits="1" branch="false"/>
					<line number="127" hits="1" branch="false"/>
					<line number="128" hits="1" branch="false"/>
					<line number="129" hits="1" branch="false"/>
					<line number="130" hits="1" branch="false"/>
					<line number="131" hits="1" branch="false"/>
					<line number="132" hits="1" branch="false"/>
					<line number="133" hits="1" branch="false"/>
					<line number="134" hits="1" branch="false"/>
					<line number="135" hits="1" branch="false"/>
					<line number="136" hits="1" branch="false"/>
					<line number="137" hits="1" branch="false"/>
					<line number="138" hits="1" branch="false"/>
					<line number="139" hits="1" branch="false"/>
					<line number="140" hits="1" branch="false"/>
					<line number="141" hits="1" branch="false"/>
					<line number="142" hits="1" branch="false"/>
					<line number="143" hits="1" branch="false"/>
					<line number="144" hits="1" branch="false"/>
				</lines>
			</class>
		</package>
		<package name="speccer.src.features.dissect.utils" line-rate="1.0000" branch-rate="0.9231">
			<class name="styles.ts" filename="src/features/dissect/utils/styles.ts" line-rate="1.0000" branch-rate="0.9231">
				<methods >
					<method name="__name" hits="3" signature="()V">
						<lines >
							<line number="1" hits="3"/>
						</lines>
					</method>
					<method name="(anonymous_1)" hits="12" signature="()V">
						<lines >
							<line number="14" hits="12"/>
						</lines>
					</method>
				</methods>
				<lines >
					<line number="1" hits="3" branch="true" condition-coverage="100% (2/2)"/>
					<line number="2" hits="3" branch="false"/>
					<line number="3" hits="3" branch="false"/>
					<line number="4" hits="3" branch="false"/>
					<line number="5" hits="3" branch="false"/>
					<line number="6" hits="3" branch="false"/>
					<line number="7" hits="3" branch="false"/>
					<line number="8" hits="3" branch="false"/>
					<line number="9" hits="3" branch="false"/>
					<line number="10" hits="3" branch="false"/>
					<line number="11" hits="3" branch="false"/>
					<line number="12" hits="3" branch="false"/>
					<line number="13" hits="3" branch="false"/>
					<line number="14" hits="3" branch="true" condition-coverage="100% (1/1)"/>
					<line number="15" hits="12" branch="false"/>
					<line number="16" hits="12" branch="true" condition-coverage="0% (0/1)"/>
					<line number="17" hits="12" branch="false"/>
					<line number="18" hits="12" branch="false"/>
					<line number="19" hits="12" branch="true" condition-coverage="100% (1/1)"/>
					<line number="20" hits="1" branch="false"/>
					<line number="21" hits="1" branch="false"/>
					<line number="22" hits="1" branch="false"/>
					<line number="23" hits="1" branch="false"/>
					<line number="24" hits="12" branch="true" condition-coverage="100% (2/2)"/>
					<line number="25" hits="3" branch="true" condition-coverage="100% (2/2)"/>
					<line number="26" hits="1" branch="false"/>
					<line number="27" hits="1" branch="false"/>
					<line number="28" hits="3" branch="true" condition-coverage="100% (1/1)"/>
					<line number="29" hits="2" branch="false"/>
					<line number="30" hits="3" branch="true" condition-coverage="100% (1/1)"/>
					<line number="31" hits="1" branch="false"/>
					<line number="32" hits="1" branch="false"/>
					<line number="33" hits="3" branch="false"/>
					<line number="34" hits="3" branch="false"/>
					<line number="35" hits="12" branch="true" condition-coverage="100% (1/1)"/>
					<line number="36" hits="3" branch="true" condition-coverage="100% (3/3)"/>
					<line number="37" hits="1" branch="false"/>
					<line number="38" hits="1" branch="false"/>
					<line number="39" hits="1" branch="false"/>
					<line number="40" hits="3" branch="true" condition-coverage="100% (1/1)"/>
					<line number="41" hits="2" branch="false"/>
					<line number="42" hits="3" branch="true" condition-coverage="100% (1/1)"/>
					<line number="43" hits="12" branch="true" condition-coverage="100% (1/1)"/>
					<line number="44" hits="5" branch="false"/>
					<line number="45" hits="12" branch="true" condition-coverage="100% (2/2)"/>
					<line number="46" hits="3" branch="true" condition-coverage="100% (1/1)"/>
					<line number="47" hits="1" branch="false"/>
					<line number="48" hits="1" branch="false"/>
					<line number="49" hits="1" branch="false"/>
					<line number="50" hits="1" branch="false"/>
					<line number="51" hits="3" branch="true" condition-coverage="100% (1/1)"/>
					<line number="52" hits="2" branch="false"/>
					<line number="53" hits="2" branch="false"/>
					<line number="54" hits="2" branch="false"/>
					<line number="55" hits="2" branch="false"/>
					<line number="56" hits="2" branch="false"/>
					<line number="57" hits="3" branch="true" condition-coverage="100% (1/1)"/>
					<line number="58" hits="12" branch="true" condition-coverage="100% (1/1)"/>
					<line number="59" hits="12" branch="true" condition-coverage="100% (1/1)"/>
					<line number="60" hits="1" branch="false"/>
					<line number="61" hits="1" branch="false"/>
					<line number="62" hits="1" branch="false"/>
					<line number="63" hits="1" branch="false"/>
					<line number="64" hits="1" branch="false"/>
					<line number="65" hits="1" branch="false"/>
					<line number="66" hits="1" branch="false"/>
					<line number="67" hits="1" branch="false"/>
					<line number="68" hits="1" branch="false"/>
					<line number="69" hits="1" branch="false"/>
					<line number="70" hits="1" branch="false"/>
					<line number="71" hits="3" branch="true" condition-coverage="0% (0/1)"/>
					<line number="72" hits="3" branch="false"/>
					<line number="73" hits="3" branch="false"/>
					<line number="74" hits="3" branch="false"/>
					<line number="75" hits="3" branch="false"/>
					<line number="76" hits="3" branch="false"/>
					<line number="77" hits="3" branch="false"/>
					<line number="78" hits="3" branch="false"/>
					<line number="79" hits="3" branch="false"/>
					<line number="80" hits="3" branch="false"/>
					<line number="81" hits="3" branch="false"/>
					<line number="82" hits="3" branch="false"/>
					<line number="83" hits="3" branch="false"/>
					<line number="84" hits="3" branch="false"/>
					<line number="85" hits="3" branch="false"/>
					<line number="86" hits="3" branch="false"/>
					<line number="87" hits="3" branch="false"/>
					<line number="88" hits="3" branch="false"/>
					<line number="89" hits="3" branch="false"/>
					<line number="90" hits="3" branch="false"/>
					<line number="91" hits="3" branch="false"/>
					<line number="92" hits="3" branch="false"/>
					<line number="93" hits="3" branch="false"/>
					<line number="94" hits="3" branch="false"/>
					<line number="95" hits="3" branch="false"/>
					<line number="96" hits="3" branch="false"/>
					<line number="97" hits="3" branch="false"/>
					<line number="98" hits="3" branch="false"/>
					<line number="99" hits="3" branch="false"/>
					<line number="100" hits="3" branch="false"/>
					<line number="101" hits="3" branch="false"/>
					<line number="102" hits="3" branch="false"/>
					<line number="103" hits="3" branch="false"/>
					<line number="104" hits="3" branch="false"/>
					<line number="105" hits="3" branch="false"/>
					<line number="106" hits="3" branch="false"/>
					<line number="107" hits="3" branch="false"/>
					<line number="108" hits="3" branch="false"/>
					<line number="109" hits="3" branch="false"/>
					<line number="110" hits="3" branch="false"/>
					<line number="111" hits="3" branch="false"/>
					<line number="112" hits="3" branch="false"/>
					<line number="113" hits="3" branch="false"/>
					<line number="114" hits="3" branch="false"/>
					<line number="115" hits="3" branch="false"/>
					<line number="116" hits="3" branch="false"/>
					<line number="117" hits="3" branch="false"/>
					<line number="118" hits="3" branch="false"/>
					<line number="119" hits="3" branch="false"/>
					<line number="120" hits="3" branch="false"/>
					<line number="121" hits="3" branch="false"/>
					<line number="122" hits="3" branch="false"/>
					<line number="123" hits="3" branch="false"/>
					<line number="124" hits="3" branch="false"/>
					<line number="125" hits="3" branch="false"/>
					<line number="126" hits="3" branch="false"/>
					<line number="127" hits="3" branch="false"/>
					<line number="128" hits="3" branch="false"/>
					<line number="129" hits="3" branch="false"/>
					<line number="130" hits="3" branch="false"/>
					<line number="131" hits="3" branch="false"/>
					<line number="132" hits="3" branch="false"/>
					<line number="133" hits="3" branch="false"/>
					<line number="134" hits="3" branch="false"/>
					<line number="135" hits="3" branch="false"/>
					<line number="136" hits="3" branch="false"/>
					<line number="137" hits="3" branch="false"/>
					<line number="138" hits="3" branch="false"/>
					<line number="139" hits="3" branch="false"/>
					<line number="140" hits="3" branch="false"/>
					<line number="141" hits="3" branch="false"/>
					<line number="142" hits="3" branch="false"/>
					<line number="143" hits="3" branch="false"/>
					<line number="144" hits="3" branch="false"/>
					<line number="145" hits="3" branch="false"/>
					<line number="146" hits="3" branch="false"/>
					<line number="147" hits="3" branch="false"/>
					<line number="148" hits="3" branch="false"/>
					<line number="149" hits="3" branch="false"/>
				</lines>
			</class>
		</package>
		<package name="speccer.src.features.measure" line-rate="0.5069" branch-rate="1.0000">
			<class name="index.ts" filename="src/features/measure/index.ts" line-rate="0.5069" branch-rate="1.0000">
				<methods >
					<method name="__name" hits="4" signature="()V">
						<lines >
							<line number="3" hits="4"/>
						</lines>
					</method>
					<method name="(anonymous_1)" hits="0" signature="()V">
						<lines >
							<line number="15" hits="0"/>
						</lines>
					</method>
					<method name="(anonymous_2)" hits="0" signature="()V">
						<lines >
							<line number="21" hits="0"/>
						</lines>
					</method>
				</methods>
				<lines >
					<line number="1" hits="2" branch="true" condition-coverage="100% (1/1)"/>
					<line number="2" hits="2" branch="false"/>
					<line number="3" hits="2" branch="true" condition-coverage="100% (1/1)"/>
					<line number="4" hits="4" branch="false"/>
					<line number="5" hits="4" branch="false"/>
					<line number="6" hits="4" branch="false"/>
					<line number="7" hits="2" branch="false"/>
					<line number="8" hits="2" branch="false"/>
					<line number="9" hits="2" branch="false"/>
					<line number="10" hits="2" branch="false"/>
					<line number="11" hits="2" branch="false"/>
					<line number="12" hits="2" branch="false"/>
					<line number="13" hits="2" branch="false"/>
					<line number="14" hits="2" branch="false"/>
					<line number="15" hits="2" branch="false"/>
					<line number="16" hits="0" branch="false"/>
					<line number="17" hits="0" branch="false"/>
					<line number="18" hits="0" branch="false"/>
					<line number="19" hits="0" branch="false"/>
					<line number="20" hits="2" branch="false"/>
					<line number="21" hits="2" branch="false"/>
					<line number="22" hits="0" branch="false"/>
					<line number="23" hits="0" branch="false"/>
					<line number="24" hits="0" branch="false"/>
					<line number="25" hits="0" branch="false"/>
					<line number="26" hits="0" branch="false"/>
					<line number="27" hits="0" branch="false"/>
					<line number="28" hits="0" branch="false"/>
					<line number="29" hits="0" branch="false"/>
					<line number="30" hits="0" branch="false"/>
					<line number="31" hits="0" branch="false"/>
					<line number="32" hits="0" branch="false"/>
					<line number="33" hits="0" branch="false"/>
					<line number="34" hits="0" branch="false"/>
					<line number="35" hits="0" branch="false"/>
					<line number="36" hits="0" branch="false"/>
					<line number="37" hits="0" branch="false"/>
					<line number="38" hits="0" branch="false"/>
					<line number="39" hits="0" branch="false"/>
					<line number="40" hits="0" branch="false"/>
					<line number="41" hits="0" branch="false"/>
					<line number="42" hits="0" branch="false"/>
					<line number="43" hits="0" branch="false"/>
					<line number="44" hits="0" branch="false"/>
					<line number="45" hits="0" branch="false"/>
					<line number="46" hits="0" branch="false"/>
					<line number="47" hits="0" branch="false"/>
					<line number="48" hits="0" branch="false"/>
					<line number="49" hits="0" branch="false"/>
					<line number="50" hits="0" branch="false"/>
					<line number="51" hits="0" branch="false"/>
					<line number="52" hits="0" branch="false"/>
					<line number="53" hits="0" branch="false"/>
					<line number="54" hits="0" branch="false"/>
					<line number="55" hits="0" branch="false"/>
					<line number="56" hits="0" branch="false"/>
					<line number="57" hits="0" branch="false"/>
					<line number="58" hits="0" branch="false"/>
					<line number="59" hits="0" branch="false"/>
					<line number="60" hits="0" branch="false"/>
					<line number="61" hits="0" branch="false"/>
					<line number="62" hits="0" branch="false"/>
					<line number="63" hits="0" branch="false"/>
					<line number="64" hits="0" branch="false"/>
					<line number="65" hits="0" branch="false"/>
					<line number="66" hits="0" branch="false"/>
					<line number="67" hits="0" branch="false"/>
					<line number="68" hits="0" branch="false"/>
					<line number="69" hits="0" branch="false"/>
					<line number="70" hits="0" branch="false"/>
					<line number="71" hits="0" branch="false"/>
					<line number="72" hits="0" branch="false"/>
					<line number="73" hits="0" branch="false"/>
					<line number="74" hits="0" branch="false"/>
					<line number="75" hits="0" branch="false"/>
					<line number="76" hits="0" branch="false"/>
					<line number="77" hits="0" branch="false"/>
					<line number="78" hits="0" branch="false"/>
					<line number="79" hits="0" branch="false"/>
					<line number="80" hits="0" branch="false"/>
					<line number="81" hits="0" branch="false"/>
					<line number="82" hits="0" branch="false"/>
					<line number="83" hits="0" branch="false"/>
					<line number="84" hits="0" branch="false"/>
					<line number="85" hits="0" branch="false"/>
					<line number="86" hits="0" branch="false"/>
					<line number="87" hits="0" branch="false"/>
					<line number="88" hits="0" branch="false"/>
					<line number="89" hits="2" branch="false"/>
					<line number="90" hits="2" branch="false"/>
					<line number="91" hits="2" branch="false"/>
					<line number="92" hits="2" branch="false"/>
					<line number="93" hits="2" branch="false"/>
					<line number="94" hits="2" branch="false"/>
					<line number="95" hits="2" branch="false"/>
					<line number="96" hits="2" branch="false"/>
					<line number="97" hits="2" branch="false"/>
					<line number="98" hits="2" branch="false"/>
					<line number="99" hits="2" branch="false"/>
					<line number="100" hits="2" branch="false"/>
					<line number="101" hits="2" branch="false"/>
					<line number="102" hits="2" branch="false"/>
					<line number="103" hits="2" branch="false"/>
					<line number="104" hits="2" branch="false"/>
					<line number="105" hits="2" branch="false"/>
					<line number="106" hits="2" branch="false"/>
					<line number="107" hits="2" branch="false"/>
					<line number="108" hits="2" branch="false"/>
					<line number="109" hits="2" branch="false"/>
					<line number="110" hits="2" branch="false"/>
					<line number="111" hits="2" branch="false"/>
					<line number="112" hits="2" branch="false"/>
					<line number="113" hits="2" branch="false"/>
					<line number="114" hits="2" branch="false"/>
					<line number="115" hits="2" branch="false"/>
					<line number="116" hits="2" branch="false"/>
					<line number="117" hits="2" branch="false"/>
					<line number="118" hits="2" branch="false"/>
					<line number="119" hits="2" branch="false"/>
					<line number="120" hits="2" branch="false"/>
					<line number="121" hits="2" branch="false"/>
					<line number="122" hits="2" branch="false"/>
					<line number="123" hits="2" branch="false"/>
					<line number="124" hits="2" branch="false"/>
					<line number="125" hits="2" branch="false"/>
					<line number="126" hits="2" branch="false"/>
					<line number="127" hits="2" branch="false"/>
					<line number="128" hits="2" branch="false"/>
					<line number="129" hits="2" branch="false"/>
					<line number="130" hits="2" branch="false"/>
					<line number="131" hits="2" branch="false"/>
					<line number="132" hits="2" branch="false"/>
					<line number="133" hits="2" branch="false"/>
					<line number="134" hits="2" branch="false"/>
					<line number="135" hits="2" branch="false"/>
					<line number="136" hits="2" branch="false"/>
					<line number="137" hits="2" branch="false"/>
					<line number="138" hits="2" branch="false"/>
					<line number="139" hits="2" branch="false"/>
					<line number="140" hits="2" branch="false"/>
					<line number="141" hits="2" branch="false"/>
					<line number="142" hits="2" branch="false"/>
					<line number="143" hits="2" branch="false"/>
					<line number="144" hits="2" branch="false"/>
				</lines>
			</class>
		</package>
		<package name="speccer.src.features.spacing" line-rate="0.6000" branch-rate="1.0000">
			<class name="index.ts" filename="src/features/spacing/index.ts" line-rate="0.6000" branch-rate="1.0000">
				<methods >
					<method name="__name" hits="4" signature="()V">
						<lines >
							<line number="2" hits="4"/>
						</lines>
					</method>
					<method name="(anonymous_1)" hits="0" signature="()V">
						<lines >
							<line number="15" hits="0"/>
						</lines>
					</method>
					<method name="(anonymous_2)" hits="0" signature="()V">
						<lines >
							<line number="22" hits="0"/>
						</lines>
					</method>
				</methods>
				<lines >
					<line number="1" hits="2" branch="true" condition-coverage="100% (1/1)"/>
					<line number="2" hits="2" branch="true" condition-coverage="100% (1/1)"/>
					<line number="3" hits="4" branch="false"/>
					<line number="4" hits="4" branch="false"/>
					<line number="5" hits="2" branch="false"/>
					<line number="6" hits="2" branch="false"/>
					<line number="7" hits="2" branch="false"/>
					<line number="8" hits="2" branch="false"/>
					<line number="9" hits="2" branch="false"/>
					<line number="10" hits="2" branch="false"/>
					<line number="11" hits="2" branch="false"/>
					<line number="12" hits="2" branch="false"/>
					<line number="13" hits="2" branch="false"/>
					<line number="14" hits="2" branch="false"/>
					<line number="15" hits="2" branch="false"/>
					<line number="16" hits="0" branch="false"/>
					<line number="17" hits="0" branch="false"/>
					<line number="18" hits="0" branch="false"/>
					<line number="19" hits="0" branch="false"/>
					<line number="20" hits="0" branch="false"/>
					<line number="21" hits="2" branch="false"/>
					<line number="22" hits="0" branch="false"/>
					<line number="23" hits="0" branch="false"/>
					<line number="24" hits="0" branch="false"/>
					<line number="25" hits="0" branch="false"/>
					<line number="26" hits="0" branch="false"/>
					<line number="27" hits="0" branch="false"/>
					<line number="28" hits="0" branch="false"/>
					<line number="29" hits="0" branch="false"/>
					<line number="30" hits="0" branch="false"/>
					<line number="31" hits="0" branch="false"/>
					<line number="32" hits="0" branch="false"/>
					<line number="33" hits="0" branch="false"/>
					<line number="34" hits="0" branch="false"/>
					<line number="35" hits="0" branch="false"/>
					<line number="36" hits="0" branch="false"/>
					<line number="37" hits="0" branch="false"/>
					<line number="38" hits="0" branch="false"/>
					<line number="39" hits="0" branch="false"/>
					<line number="40" hits="0" branch="false"/>
					<line number="41" hits="0" branch="false"/>
					<line number="42" hits="0" branch="false"/>
					<line number="43" hits="0" branch="false"/>
					<line number="44" hits="0" branch="false"/>
					<line number="45" hits="0" branch="false"/>
					<line number="46" hits="0" branch="false"/>
					<line number="47" hits="0" branch="false"/>
					<line number="48" hits="0" branch="false"/>
					<line number="49" hits="0" branch="false"/>
					<line number="50" hits="0" branch="false"/>
					<line number="51" hits="2" branch="false"/>
					<line number="52" hits="2" branch="false"/>
					<line number="53" hits="2" branch="false"/>
					<line number="54" hits="2" branch="false"/>
					<line number="55" hits="2" branch="false"/>
					<line number="56" hits="2" branch="false"/>
					<line number="57" hits="2" branch="false"/>
					<line number="58" hits="2" branch="false"/>
					<line number="59" hits="2" branch="false"/>
					<line number="60" hits="2" branch="false"/>
					<line number="61" hits="2" branch="false"/>
					<line number="62" hits="2" branch="false"/>
					<line number="63" hits="2" branch="false"/>
					<line number="64" hits="2" branch="false"/>
					<line number="65" hits="2" branch="false"/>
					<line number="66" hits="2" branch="false"/>
					<line number="67" hits="2" branch="false"/>
					<line number="68" hits="2" branch="false"/>
					<line number="69" hits="2" branch="false"/>
					<line number="70" hits="2" branch="false"/>
					<line number="71" hits="2" branch="false"/>
					<line number="72" hits="2" branch="false"/>
					<line number="73" hits="2" branch="false"/>
					<line number="74" hits="2" branch="false"/>
					<line number="75" hits="2" branch="false"/>
					<line number="76" hits="2" branch="false"/>
					<line number="77" hits="2" branch="false"/>
					<line number="78" hits="2" branch="false"/>
					<line number="79" hits="2" branch="false"/>
					<line number="80" hits="2" branch="false"/>
					<line number="81" hits="2" branch="false"/>
					<line number="82" hits="2" branch="false"/>
					<line number="83" hits="2" branch="false"/>
					<line number="84" hits="2" branch="false"/>
					<line number="85" hits="2" branch="false"/>
				</lines>
			</class>
		</package>
		<package name="speccer.src.features.spacing.utils" line-rate="0.5248" branch-rate="1.0000">
			<class name="position.ts" filename="src/features/spacing/utils/position.ts" line-rate="0.5248" branch-rate="1.0000">
				<methods >
					<method name="__name" hits="2" signature="()V">
						<lines >
							<line number="1" hits="2"/>
						</lines>
					</method>
					<method name="(anonymous_1)" hits="0" signature="()V">
						<lines >
							<line number="8" hits="0"/>
						</lines>
					</method>
				</methods>
				<lines >
					<line number="1" hits="2" branch="true" condition-coverage="100% (2/2)"/>
					<line number="2" hits="2" branch="false"/>
					<line number="3" hits="2" branch="false"/>
					<line number="4" hits="2" branch="false"/>
					<line number="5" hits="2" branch="false"/>
					<line number="6" hits="2" branch="false"/>
					<line number="7" hits="2" branch="false"/>
					<line number="8" hits="2" branch="false"/>
					<line number="9" hits="0" branch="false"/>
					<line number="10" hits="0" branch="false"/>
					<line number="11" hits="0" branch="false"/>
					<line number="12" hits="0" branch="false"/>
					<line number="13" hits="0" branch="false"/>
					<line number="14" hits="0" branch="false"/>
					<line number="15" hits="0" branch="false"/>
					<line number="16" hits="0" branch="false"/>
					<line number="17" hits="0" branch="false"/>
					<line number="18" hits="0" branch="false"/>
					<line number="19" hits="0" branch="false"/>
					<line number="20" hits="0" branch="false"/>
					<line number="21" hits="0" branch="false"/>
					<line number="22" hits="0" branch="false"/>
					<line number="23" hits="0" branch="false"/>
					<line number="24" hits="0" branch="false"/>
					<line number="25" hits="0" branch="false"/>
					<line number="26" hits="0" branch="false"/>
					<line number="27" hits="0" branch="false"/>
					<line number="28" hits="0" branch="false"/>
					<line number="29" hits="0" branch="false"/>
					<line number="30" hits="0" branch="false"/>
					<line number="31" hits="0" branch="false"/>
					<line number="32" hits="0" branch="false"/>
					<line number="33" hits="0" branch="false"/>
					<line number="34" hits="0" branch="false"/>
					<line number="35" hits="0" branch="false"/>
					<line number="36" hits="0" branch="false"/>
					<line number="37" hits="0" branch="false"/>
					<line number="38" hits="0" branch="false"/>
					<line number="39" hits="0" branch="false"/>
					<line number="40" hits="0" branch="false"/>
					<line number="41" hits="0" branch="false"/>
					<line number="42" hits="0" branch="false"/>
					<line number="43" hits="0" branch="false"/>
					<line number="44" hits="0" branch="false"/>
					<line number="45" hits="0" branch="false"/>
					<line number="46" hits="0" branch="false"/>
					<line number="47" hits="0" branch="false"/>
					<line number="48" hits="0" branch="false"/>
					<line number="49" hits="0" branch="false"/>
					<line number="50" hits="0" branch="false"/>
					<line number="51" hits="0" branch="false"/>
					<line number="52" hits="0" branch="false"/>
					<line number="53" hits="0" branch="false"/>
					<line number="54" hits="0" branch="false"/>
					<line number="55" hits="0" branch="false"/>
					<line number="56" hits="0" branch="false"/>
					<line number="57" hits="2" branch="false"/>
					<line number="58" hits="2" branch="false"/>
					<line number="59" hits="2" branch="false"/>
					<line number="60" hits="2" branch="false"/>
					<line number="61" hits="2" branch="false"/>
					<line number="62" hits="2" branch="false"/>
					<line number="63" hits="2" branch="false"/>
					<line number="64" hits="2" branch="false"/>
					<line number="65" hits="2" branch="false"/>
					<line number="66" hits="2" branch="false"/>
					<line number="67" hits="2" branch="false"/>
					<line number="68" hits="2" branch="false"/>
					<line number="69" hits="2" branch="false"/>
					<line number="70" hits="2" branch="false"/>
					<line number="71" hits="2" branch="false"/>
					<line number="72" hits="2" branch="false"/>
					<line number="73" hits="2" branch="false"/>
					<line number="74" hits="2" branch="false"/>
					<line number="75" hits="2" branch="false"/>
					<line number="76" hits="2" branch="false"/>
					<line number="77" hits="2" branch="false"/>
					<line number="78" hits="2" branch="false"/>
					<line number="79" hits="2" branch="false"/>
					<line number="80" hits="2" branch="false"/>
					<line number="81" hits="2" branch="false"/>
					<line number="82" hits="2" branch="false"/>
					<line number="83" hits="2" branch="false"/>
					<line number="84" hits="2" branch="false"/>
					<line number="85" hits="2" branch="false"/>
					<line number="86" hits="2" branch="false"/>
					<line number="87" hits="2" branch="false"/>
					<line number="88" hits="2" branch="false"/>
					<line number="89" hits="2" branch="false"/>
					<line number="90" hits="2" branch="false"/>
					<line number="91" hits="2" branch="false"/>
					<line number="92" hits="2" branch="false"/>
					<line number="93" hits="2" branch="false"/>
					<line number="94" hits="2" branch="false"/>
					<line number="95" hits="2" branch="false"/>
					<line number="96" hits="2" branch="false"/>
					<line number="97" hits="2" branch="false"/>
					<line number="98" hits="2" branch="false"/>
					<line number="99" hits="2" branch="false"/>
					<line number="100" hits="2" branch="false"/>
					<line number="101" hits="2" branch="false"/>
				</lines>
			</class>
		</package>
		<package name="speccer.src.features.typography.utils.__tests__" line-rate="1.0000" branch-rate="1.0000">
			<class name="position.ts" filename="src/features/typography/utils/__tests__/position.ts" line-rate="1.0000" branch-rate="1.0000">
				<methods >
					<method name="(anonymous_0)" hits="1" signature="()V">
						<lines >
							<line number="7" hits="1"/>
						</lines>
					</method>
					<method name="(anonymous_1)" hits="0" signature="()V">
						<lines >
							<line number="11" hits="0"/>
						</lines>
					</method>
					<method name="(anonymous_2)" hits="0" signature="()V">
						<lines >
							<line number="11" hits="0"/>
						</lines>
					</method>
					<method name="(anonymous_3)" hits="0" signature="()V">
						<lines >
							<line number="12" hits="0"/>
						</lines>
					</method>
					<method name="(anonymous_4)" hits="0" signature="()V">
						<lines >
							<line number="13" hits="0"/>
						</lines>
					</method>
					<method name="(anonymous_5)" hits="1" signature="()V">
						<lines >
							<line number="15" hits="1"/>
						</lines>
					</method>
					<method name="(anonymous_6)" hits="1" signature="()V">
						<lines >
							<line number="20" hits="1"/>
						</lines>
					</method>
				</methods>
				<lines >
					<line number="1" hits="1" branch="true" condition-coverage="100% (1/1)"/>
					<line number="2" hits="1" branch="false"/>
					<line number="3" hits="1" branch="false"/>
					<line number="4" hits="1" branch="false"/>
					<line number="5" hits="1" branch="false"/>
					<line number="6" hits="1" branch="false"/>
					<line number="7" hits="1" branch="true" condition-coverage="100% (1/1)"/>
					<line number="8" hits="1" branch="false"/>
					<line number="9" hits="1" branch="false"/>
					<line number="10" hits="1" branch="false"/>
					<line number="11" hits="1" branch="false"/>
					<line number="12" hits="1" branch="false"/>
					<line number="13" hits="1" branch="false"/>
					<line number="14" hits="1" branch="false"/>
					<line number="15" hits="1" branch="true" condition-coverage="100% (1/1)"/>
					<line number="16" hits="1" branch="false"/>
					<line number="17" hits="1" branch="false"/>
					<line number="18" hits="1" branch="false"/>
					<line number="19" hits="1" branch="false"/>
					<line number="20" hits="1" branch="true" condition-coverage="100% (1/1)"/>
					<line number="21" hits="1" branch="false"/>
					<line number="22" hits="1" branch="false"/>
					<line number="23" hits="1" branch="false"/>
					<line number="24" hits="1" branch="false"/>
					<line number="25" hits="1" branch="false"/>
					<line number="26" hits="1" branch="false"/>
					<line number="27" hits="1" branch="false"/>
					<line number="28" hits="1" branch="false"/>
					<line number="29" hits="1" branch="false"/>
					<line number="30" hits="1" branch="false"/>
					<line number="31" hits="1" branch="false"/>
					<line number="32" hits="1" branch="false"/>
					<line number="33" hits="1" branch="false"/>
					<line number="34" hits="1" branch="false"/>
					<line number="35" hits="1" branch="false"/>
					<line number="36" hits="1" branch="false"/>
					<line number="37" hits="1" branch="false"/>
					<line number="38" hits="1" branch="false"/>
					<line number="39" hits="1" branch="false"/>
					<line number="40" hits="1" branch="false"/>
					<line number="41" hits="1" branch="false"/>
					<line number="42" hits="1" branch="false"/>
					<line number="43" hits="1" branch="false"/>
					<line number="44" hits="1" branch="false"/>
					<line number="45" hits="1" branch="false"/>
					<line number="46" hits="1" branch="false"/>
					<line number="47" hits="1" branch="false"/>
					<line number="48" hits="1" branch="false"/>
					<line number="49" hits="1" branch="false"/>
					<line number="50" hits="1" branch="false"/>
					<line number="51" hits="1" branch="false"/>
					<line number="52" hits="1" branch="false"/>
					<line number="53" hits="1" branch="false"/>
					<line number="54" hits="1" branch="false"/>
					<line number="55" hits="1" branch="false"/>
					<line number="56" hits="1" branch="false"/>
					<line number="57" hits="1" branch="false"/>
					<line number="58" hits="1" branch="false"/>
					<line number="59" hits="1" branch="false"/>
					<line number="60" hits="1" branch="false"/>
					<line number="61" hits="1" branch="false"/>
					<line number="62" hits="1" branch="false"/>
					<line number="63" hits="1" branch="false"/>
				</lines>
			</class>
		</package>
		<package name="speccer.src.features.typography.utils" line-rate="1.0000" branch-rate="1.0000">
			<class name="position.ts" filename="src/features/typography/utils/position.ts" line-rate="1.0000" branch-rate="1.0000">
				<methods >
					<method name="__name" hits="1" signature="()V">
						<lines >
							<line number="1" hits="1"/>
						</lines>
					</method>
					<method name="(anonymous_1)" hits="4" signature="()V">
						<lines >
							<line number="13" hits="4"/>
						</lines>
					</method>
				</methods>
				<lines >
					<line number="1" hits="1" branch="true" condition-coverage="100% (2/2)"/>
					<line number="2" hits="1" branch="false"/>
					<line number="3" hits="1" branch="false"/>
					<line number="4" hits="1" branch="false"/>
					<line number="5" hits="1" branch="false"/>
					<line number="6" hits="1" branch="false"/>
					<line number="7" hits="1" branch="false"/>
					<line number="8" hits="1" branch="false"/>
					<line number="9" hits="1" branch="false"/>
					<line number="10" hits="1" branch="false"/>
					<line number="11" hits="1" branch="false"/>
					<line number="12" hits="1" branch="false"/>
					<line number="13" hits="1" branch="true" condition-coverage="100% (1/1)"/>
					<line number="14" hits="4" branch="false"/>
					<line number="15" hits="4" branch="false"/>
					<line number="16" hits="4" branch="false"/>
					<line number="17" hits="4" branch="false"/>
					<line number="18" hits="4" branch="false"/>
					<line number="19" hits="4" branch="false"/>
					<line number="20" hits="4" branch="false"/>
					<line number="21" hits="4" branch="false"/>
					<line number="22" hits="4" branch="false"/>
					<line number="23" hits="4" branch="false"/>
					<line number="24" hits="4" branch="false"/>
					<line number="25" hits="4" branch="false"/>
					<line number="26" hits="4" branch="false"/>
					<line number="27" hits="4" branch="false"/>
					<line number="28" hits="4" branch="false"/>
					<line number="29" hits="4" branch="false"/>
					<line number="30" hits="4" branch="false"/>
					<line number="31" hits="4" branch="false"/>
					<line number="32" hits="4" branch="false"/>
					<line number="33" hits="4" branch="false"/>
					<line number="34" hits="4" branch="false"/>
					<line number="35" hits="4" branch="false"/>
					<line number="36" hits="4" branch="false"/>
					<line number="37" hits="4" branch="false"/>
					<line number="38" hits="4" branch="false"/>
					<line number="39" hits="4" branch="false"/>
					<line number="40" hits="4" branch="true" condition-coverage="100% (2/2)"/>
					<line number="41" hits="1" branch="false"/>
					<line number="42" hits="1" branch="false"/>
					<line number="43" hits="4" branch="true" condition-coverage="100% (3/3)"/>
					<line number="44" hits="1" branch="false"/>
					<line number="45" hits="1" branch="false"/>
					<line number="46" hits="3" branch="true" condition-coverage="100% (3/3)"/>
					<line number="47" hits="1" branch="false"/>
					<line number="48" hits="1" branch="false"/>
					<line number="49" hits="1" branch="false"/>
					<line number="50" hits="1" branch="false"/>
					<line number="51" hits="1" branch="false"/>
					<line number="52" hits="1" branch="false"/>
					<line number="53" hits="1" branch="false"/>
					<line number="54" hits="1" branch="false"/>
					<line number="55" hits="1" branch="false"/>
					<line number="56" hits="1" branch="false"/>
					<line number="57" hits="1" branch="false"/>
					<line number="58" hits="1" branch="false"/>
					<line number="59" hits="1" branch="false"/>
					<line number="60" hits="1" branch="false"/>
					<line number="61" hits="1" branch="false"/>
					<line number="62" hits="1" branch="false"/>
					<line number="63" hits="1" branch="false"/>
					<line number="64" hits="1" branch="false"/>
					<line number="65" hits="1" branch="false"/>
					<line number="66" hits="1" branch="false"/>
					<line number="67" hits="1" branch="false"/>
					<line number="68" hits="1" branch="false"/>
					<line number="69" hits="1" branch="false"/>
					<line number="70" hits="1" branch="false"/>
					<line number="71" hits="1" branch="false"/>
					<line number="72" hits="1" branch="false"/>
					<line number="73" hits="1" branch="false"/>
					<line number="74" hits="1" branch="false"/>
					<line number="75" hits="1" branch="false"/>
					<line number="76" hits="1" branch="false"/>
					<line number="77" hits="1" branch="false"/>
					<line number="78" hits="1" branch="false"/>
					<line number="79" hits="1" branch="false"/>
					<line number="80" hits="1" branch="false"/>
					<line number="81" hits="1" branch="false"/>
					<line number="82" hits="1" branch="false"/>
					<line number="83" hits="1" branch="false"/>
					<line number="84" hits="1" branch="false"/>
					<line number="85" hits="1" branch="false"/>
					<line number="86" hits="1" branch="false"/>
					<line number="87" hits="1" branch="false"/>
					<line number="88" hits="1" branch="false"/>
					<line number="89" hits="1" branch="false"/>
					<line number="90" hits="1" branch="false"/>
					<line number="91" hits="1" branch="false"/>
					<line number="92" hits="1" branch="false"/>
				</lines>
			</class>
		</package>
		<package name="speccer.src.types.enums" line-rate="1.0000" branch-rate="1.0000">
			<class name="area.ts" filename="src/types/enums/area.ts" line-rate="1.0000" branch-rate="1.0000">
				<methods >
					<method name="(anonymous_0)" hits="5" signature="()V">
						<lines >
							<line number="1" hits="5"/>
						</lines>
					</method>
					<method name="(anonymous_1)" hits="5" signature="()V">
						<lines >
							<line number="10" hits="5"/>
						</lines>
					</method>
					<method name="(anonymous_2)" hits="5" signature="()V">
						<lines >
							<line number="22" hits="5"/>
						</lines>
					</method>
				</methods>
				<lines >
					<line number="1" hits="5" branch="true" condition-coverage="100% (2/2)"/>
					<line number="2" hits="5" branch="false"/>
					<line number="3" hits="5" branch="false"/>
					<line number="4" hits="5" branch="false"/>
					<line number="5" hits="5" branch="false"/>
					<line number="6" hits="5" branch="false"/>
					<line number="7" hits="5" branch="false"/>
					<line number="8" hits="5" branch="false"/>
					<line number="9" hits="5" branch="false"/>
					<line number="10" hits="5" branch="true" condition-coverage="100% (1/1)"/>
					<line number="11" hits="5" branch="false"/>
					<line number="12" hits="5" branch="false"/>
					<line number="13" hits="5" branch="false"/>
					<line number="14" hits="5" branch="false"/>
					<line number="15" hits="5" branch="false"/>
					<line number="16" hits="5" branch="false"/>
					<line number="17" hits="5" branch="false"/>
					<line number="18" hits="5" branch="false"/>
					<line number="19" hits="5" branch="false"/>
					<line number="20" hits="5" branch="false"/>
					<line number="21" hits="5" branch="false"/>
					<line number="22" hits="5" branch="true" condition-coverage="100% (1/1)"/>
					<line number="23" hits="5" branch="false"/>
					<line number="24" hits="5" branch="false"/>
					<line number="25" hits="5" branch="false"/>
					<line number="26" hits="5" branch="false"/>
					<line number="27" hits="5" branch="false"/>
					<line number="28" hits="5" branch="false"/>
					<line number="29" hits="5" branch="false"/>
					<line number="30" hits="5" branch="false"/>
					<line number="31" hits="5" branch="false"/>
					<line number="32" hits="5" branch="false"/>
					<line number="33" hits="5" branch="false"/>
					<line number="34" hits="5" branch="false"/>
					<line number="35" hits="5" branch="false"/>
					<line number="36" hits="5" branch="false"/>
					<line number="37" hits="5" branch="false"/>
					<line number="38" hits="5" branch="false"/>
					<line number="39" hits="5" branch="false"/>
				</lines>
			</class>
		</package>
		<package name="speccer.src.utils.__tests__" line-rate="1.0000" branch-rate="0.9895">
			<class name="angle.ts" filename="src/utils/__tests__/angle.ts" line-rate="1.0000" branch-rate="1.0000">
				<methods >
					<method name="(anonymous_0)" hits="1" signature="()V">
						<lines >
							<line number="6" hits="1"/>
						</lines>
					</method>
					<method name="(anonymous_1)" hits="1" signature="()V">
						<lines >
							<line number="7" hits="1"/>
						</lines>
					</method>
					<method name="(anonymous_2)" hits="1" signature="()V">
						<lines >
							<line number="11" hits="1"/>
						</lines>
					</method>
					<method name="(anonymous_3)" hits="1" signature="()V">
						<lines >
							<line number="14" hits="1"/>
						</lines>
					</method>
					<method name="(anonymous_4)" hits="1" signature="()V">
						<lines >
							<line number="15" hits="1"/>
						</lines>
					</method>
				</methods>
				<lines >
					<line number="1" hits="1" branch="true" condition-coverage="100% (1/1)"/>
					<line number="2" hits="1" branch="false"/>
					<line number="3" hits="1" branch="false"/>
					<line number="4" hits="1" branch="false"/>
					<line number="5" hits="1" branch="false"/>
					<line number="6" hits="1" branch="true" condition-coverage="100% (1/1)"/>
					<line number="7" hits="1" branch="true" condition-coverage="100% (1/1)"/>
					<line number="8" hits="1" branch="false"/>
					<line number="9" hits="1" branch="false"/>
					<line number="10" hits="1" branch="false"/>
					<line number="11" hits="1" branch="true" condition-coverage="100% (1/1)"/>
					<line number="12" hits="1" branch="false"/>
					<line number="13" hits="1" branch="false"/>
					<line number="14" hits="1" branch="true" condition-coverage="100% (1/1)"/>
					<line number="15" hits="1" branch="true" condition-coverage="100% (1/1)"/>
					<line number="16" hits="1" branch="false"/>
					<line number="17" hits="1" branch="false"/>
					<line number="18" hits="1" branch="false"/>
					<line number="19" hits="1" branch="false"/>
					<line number="20" hits="1" branch="false"/>
					<line number="21" hits="1" branch="false"/>
					<line number="22" hits="1" branch="false"/>
					<line number="23" hits="1" branch="false"/>
					<line number="24" hits="1" branch="false"/>
					<line number="25" hits="1" branch="false"/>
					<line number="26" hits="1" branch="false"/>
					<line number="27" hits="1" branch="false"/>
				</lines>
			</class>
			<class name="area.ts" filename="src/utils/__tests__/area.ts" line-rate="1.0000" branch-rate="1.0000">
				<methods >
					<method name="(anonymous_0)" hits="1" signature="()V">
						<lines >
							<line number="14" hits="1"/>
						</lines>
					</method>
					<method name="(anonymous_1)" hits="1" signature="()V">
						<lines >
							<line number="16" hits="1"/>
						</lines>
					</method>
					<method name="(anonymous_2)" hits="1" signature="()V">
						<lines >
							<line number="18" hits="1"/>
						</lines>
					</method>
					<method name="(anonymous_3)" hits="1" signature="()V">
						<lines >
							<line number="21" hits="1"/>
						</lines>
					</method>
					<method name="(anonymous_4)" hits="1" signature="()V">
						<lines >
							<line number="23" hits="1"/>
						</lines>
					</method>
					<method name="(anonymous_5)" hits="1" signature="()V">
						<lines >
							<line number="28" hits="1"/>
						</lines>
					</method>
					<method name="(anonymous_6)" hits="1" signature="()V">
						<lines >
							<line number="30" hits="1"/>
						</lines>
					</method>
					<method name="(anonymous_7)" hits="1" signature="()V">
						<lines >
							<line number="36" hits="1"/>
						</lines>
					</method>
					<method name="(anonymous_8)" hits="1" signature="()V">
						<lines >
							<line number="37" hits="1"/>
						</lines>
					</method>
					<method name="(anonymous_9)" hits="1" signature="()V">
						<lines >
							<line number="43" hits="1"/>
						</lines>
					</method>
					<method name="(anonymous_10)" hits="1" signature="()V">
						<lines >
							<line number="44" hits="1"/>
						</lines>
					</method>
					<method name="(anonymous_11)" hits="1" signature="()V">
						<lines >
							<line number="47" hits="1"/>
						</lines>
					</method>
					<method name="(anonymous_12)" hits="1" signature="()V">
						<lines >
							<line number="51" hits="1"/>
						</lines>
					</method>
					<method name="(anonymous_13)" hits="1" signature="()V">
						<lines >
							<line number="54" hits="1"/>
						</lines>
					</method>
					<method name="(anonymous_14)" hits="1" signature="()V">
						<lines >
							<line number="55" hits="1"/>
						</lines>
					</method>
					<method name="(anonymous_15)" hits="1" signature="()V">
						<lines >
							<line number="62" hits="1"/>
						</lines>
					</method>
					<method name="(anonymous_16)" hits="1" signature="()V">
						<lines >
							<line number="63" hits="1"/>
						</lines>
					</method>
					<method name="(anonymous_17)" hits="1" signature="()V">
						<lines >
							<line number="69" hits="1"/>
						</lines>
					</method>
					<method name="(anonymous_18)" hits="1" signature="()V">
						<lines >
							<line number="70" hits="1"/>
						</lines>
					</method>
					<method name="(anonymous_19)" hits="1" signature="()V">
						<lines >
							<line number="76" hits="1"/>
						</lines>
					</method>
					<method name="(anonymous_20)" hits="1" signature="()V">
						<lines >
							<line number="77" hits="1"/>
						</lines>
					</method>
					<method name="(anonymous_21)" hits="1" signature="()V">
						<lines >
							<line number="79" hits="1"/>
						</lines>
					</method>
					<method name="(anonymous_22)" hits="1" signature="()V">
						<lines >
							<line number="84" hits="1"/>
						</lines>
					</method>
				</methods>
				<lines >
					<line number="1" hits="1" branch="true" condition-coverage="100% (1/1)"/>
					<line number="2" hits="1" branch="false"/>
					<line number="3" hits="1" branch="false"/>
					<line number="4" hits="1" branch="false"/>
					<line number="5" hits="1" branch="false"/>
					<line number="6" hits="1" branch="false"/>
					<line number="7" hits="1" branch="false"/>
					<line number="8" hits="1" branch="false"/>
					<line number="9" hits="1" branch="false"/>
					<line number="10" hits="1" branch="false"/>
					<line number="11" hits="1" branch="false"/>
					<line number="12" hits="1" branch="false"/>
					<line number="13" hits="1" branch="false"/>
					<line number="14" hits="1" branch="true" condition-coverage="100% (1/1)"/>
					<line number="15" hits="1" branch="false"/>
					<line number="16" hits="1" branch="true" condition-coverage="100% (1/1)"/>
					<line number="17" hits="1" branch="false"/>
					<line number="18" hits="1" branch="true" condition-coverage="100% (1/1)"/>
					<line number="19" hits="1" branch="false"/>
					<line number="20" hits="1" branch="false"/>
					<line number="21" hits="1" branch="true" condition-coverage="100% (1/1)"/>
					<line number="22" hits="1" branch="false"/>
					<line number="23" hits="1" branch="true" condition-coverage="100% (1/1)"/>
					<line number="24" hits="1" branch="false"/>
					<line number="25" hits="1" branch="false"/>
					<line number="26" hits="1" branch="false"/>
					<line number="27" hits="1" branch="false"/>
					<line number="28" hits="1" branch="true" condition-coverage="100% (1/1)"/>
					<line number="29" hits="1" branch="false"/>
					<line number="30" hits="1" branch="true" condition-coverage="100% (1/1)"/>
					<line number="31" hits="1" branch="false"/>
					<line number="32" hits="1" branch="false"/>
					<line number="33" hits="1" branch="false"/>
					<line number="34" hits="1" branch="false"/>
					<line number="35" hits="1" branch="false"/>
					<line number="36" hits="1" branch="true" condition-coverage="100% (1/1)"/>
					<line number="37" hits="1" branch="true" condition-coverage="100% (1/1)"/>
					<line number="38" hits="1" branch="false"/>
					<line number="39" hits="1" branch="false"/>
					<line number="40" hits="1" branch="false"/>
					<line number="41" hits="1" branch="false"/>
					<line number="42" hits="1" branch="false"/>
					<line number="43" hits="1" branch="true" condition-coverage="100% (1/1)"/>
					<line number="44" hits="1" branch="true" condition-coverage="100% (1/1)"/>
					<line number="45" hits="1" branch="false"/>
					<line number="46" hits="1" branch="false"/>
					<line number="47" hits="1" branch="true" condition-coverage="100% (1/1)"/>
					<line number="48" hits="1" branch="false"/>
					<line number="49" hits="1" branch="false"/>
					<line number="50" hits="1" branch="false"/>
					<line number="51" hits="1" branch="true" condition-coverage="100% (1/1)"/>
					<line number="52" hits="1" branch="false"/>
					<line number="53" hits="1" branch="false"/>
					<line number="54" hits="1" branch="true" condition-coverage="100% (1/1)"/>
					<line number="55" hits="1" branch="true" condition-coverage="100% (1/1)"/>
					<line number="56" hits="1" branch="false"/>
					<line number="57" hits="1" branch="false"/>
					<line number="58" hits="1" branch="false"/>
					<line number="59" hits="1" branch="false"/>
					<line number="60" hits="1" branch="false"/>
					<line number="61" hits="1" branch="false"/>
					<line number="62" hits="1" branch="true" condition-coverage="100% (1/1)"/>
					<line number="63" hits="1" branch="true" condition-coverage="100% (1/1)"/>
					<line number="64" hits="1" branch="false"/>
					<line number="65" hits="1" branch="false"/>
					<line number="66" hits="1" branch="false"/>
					<line number="67" hits="1" branch="false"/>
					<line number="68" hits="1" branch="false"/>
					<line number="69" hits="1" branch="true" condition-coverage="100% (1/1)"/>
					<line number="70" hits="1" branch="true" condition-coverage="100% (1/1)"/>
					<line number="71" hits="1" branch="false"/>
					<line number="72" hits="1" branch="false"/>
					<line number="73" hits="1" branch="false"/>
					<line number="74" hits="1" branch="false"/>
					<line number="75" hits="1" branch="false"/>
					<line number="76" hits="1" branch="true" condition-coverage="100% (1/1)"/>
					<line number="77" hits="1" branch="true" condition-coverage="100% (1/1)"/>
					<line number="78" hits="1" branch="false"/>
					<line number="79" hits="1" branch="true" condition-coverage="100% (1/1)"/>
					<line number="80" hits="1" branch="false"/>
					<line number="81" hits="1" branch="false"/>
					<line number="82" hits="1" branch="false"/>
					<line number="83" hits="1" branch="false"/>
					<line number="84" hits="1" branch="true" condition-coverage="100% (1/1)"/>
					<line number="85" hits="1" branch="false"/>
[...]
					<line number="154" hits="3" branch="false"/>
					<line number="155" hits="3" branch="false"/>
					<line number="156" hits="3" branch="false"/>
					<line number="157" hits="3" branch="false"/>
					<line number="158" hits="3" branch="false"/>
					<line number="159" hits="3" branch="false"/>
					<line number="160" hits="3" branch="false"/>
					<line number="161" hits="3" branch="false"/>
				</lines>
			</class>
			<class name="DrawSVGLine.ts" filename="src/utils/classes/DrawSVGLine.ts" line-rate="0.6695" branch-rate="0.8667">
				<methods >
					<method name="__name" hits="3" signature="()V">
						<lines >
							<line number="1" hits="3"/>
						</lines>
					</method>
					<method name="<instance_members_initializer>" hits="4" signature="()V">
						<lines >
							<line number="10" hits="4"/>
						</lines>
					</method>
					<method name="<static_initializer>" hits="3" signature="()V">
						<lines >
							<line number="10" hits="3"/>
						</lines>
					</method>
					<method name="DrawSVGLine" hits="4" signature="()V">
						<lines >
							<line number="12" hits="4"/>
						</lines>
					</method>
					<method name="#init" hits="4" signature="()V">
						<lines >
							<line number="17" hits="4"/>
						</lines>
					</method>
					<method name="connect" hits="0" signature="()V">
						<lines >
							<line number="33" hits="0"/>
						</lines>
					</method>
					<method name="draw" hits="0" signature="()V">
						<lines >
							<line number="36" hits="0"/>
						</lines>
					</method>
				</methods>
				<lines >
					<line number="1" hits="3" branch="true" condition-coverage="100% (2/2)"/>
					<line number="2" hits="3" branch="false"/>
					<line number="3" hits="3" branch="false"/>
					<line number="4" hits="3" branch="false"/>
					<line number="5" hits="3" branch="false"/>
					<line number="6" hits="3" branch="false"/>
					<line number="7" hits="3" branch="false"/>
					<line number="8" hits="3" branch="false"/>
					<line number="9" hits="3" branch="false"/>
					<line number="10" hits="3" branch="true" condition-coverage="100% (2/2)"/>
					<line number="11" hits="4" branch="false"/>
					<line number="12" hits="4" branch="true" condition-coverage="100% (1/1)"/>
					<line number="13" hits="4" branch="false"/>
					<line number="14" hits="4" branch="false"/>
					<line number="15" hits="4" branch="false"/>
					<line number="16" hits="4" branch="false"/>
					<line number="17" hits="4" branch="true" condition-coverage="100% (1/1)"/>
					<line number="18" hits="4" branch="true" condition-coverage="100% (2/2)"/>
					<line number="19" hits="4" branch="true" condition-coverage="100% (1/1)"/>
					<line number="20" hits="3" branch="true" condition-coverage="100% (1/1)"/>
					<line number="21" hits="4" branch="true" condition-coverage="100% (1/1)"/>
					<line number="22" hits="4" branch="true" condition-coverage="100% (1/1)"/>
					<line number="23" hits="1" branch="false"/>
					<line number="24" hits="1" branch="false"/>
					<line number="25" hits="1" branch="false"/>
					<line number="26" hits="1" branch="false"/>
					<line number="27" hits="1" branch="false"/>
					<line number="28" hits="1" branch="false"/>
					<line number="29" hits="4" branch="true" condition-coverage="50% (1/2)"/>
					<line number="30" hits="1" branch="false"/>
					<line number="31" hits="1" branch="false"/>
					<line number="32" hits="4" branch="true" condition-coverage="0% (0/1)"/>
					<line number="33" hits="4" branch="false"/>
					<line number="34" hits="0" branch="false"/>
					<line number="35" hits="0" branch="false"/>
					<line number="36" hits="4" branch="false"/>
					<line number="37" hits="0" branch="false"/>
					<line number="38" hits="0" branch="false"/>
					<line number="39" hits="0" branch="false"/>
					<line number="40" hits="0" branch="false"/>
					<line number="41" hits="0" branch="false"/>
					<line number="42" hits="0" branch="false"/>
					<line number="43" hits="0" branch="false"/>
					<line number="44" hits="0" branch="false"/>
					<line number="45" hits="0" branch="false"/>
					<line number="46" hits="0" branch="false"/>
					<line number="47" hits="0" branch="false"/>
					<line number="48" hits="0" branch="false"/>
					<line number="49" hits="0" branch="false"/>
					<line number="50" hits="0" branch="false"/>
					<line number="51" hits="0" branch="false"/>
					<line number="52" hits="0" branch="false"/>
					<line number="53" hits="0" branch="false"/>
					<line number="54" hits="0" branch="false"/>
					<line number="55" hits="0" branch="false"/>
					<line number="56" hits="0" branch="false"/>
					<line number="57" hits="0" branch="false"/>
					<line number="58" hits="0" branch="false"/>
					<line number="59" hits="0" branch="false"/>
					<line number="60" hits="0" branch="false"/>
					<line number="61" hits="0" branch="false"/>
					<line number="62" hits="0" branch="false"/>
					<line number="63" hits="0" branch="false"/>
					<line number="64" hits="0" branch="false"/>
					<line number="65" hits="0" branch="false"/>
					<line number="66" hits="0" branch="false"/>
					<line number="67" hits="0" branch="false"/>
					<line number="68" hits="0" branch="false"/>
					<line number="69" hits="0" branch="false"/>
					<line number="70" hits="0" branch="false"/>
					<line number="71" hits="0" branch="false"/>
					<line number="72" hits="0" branch="false"/>
					<line number="73" hits="0" branch="false"/>
					<line number="74" hits="3" branch="false"/>
					<line number="75" hits="3" branch="false"/>
					<line number="76" hits="3" branch="false"/>
					<line number="77" hits="3" branch="false"/>
					<line number="78" hits="3" branch="false"/>
					<line number="79" hits="3" branch="false"/>
					<line number="80" hits="3" branch="false"/>
					<line number="81" hits="3" branch="false"/>
					<line number="82" hits="3" branch="false"/>
					<line number="83" hits="3" branch="false"/>
					<line number="84" hits="3" branch="false"/>
					<line number="85" hits="3" branch="false"/>
					<line number="86" hits="3" branch="false"/>
					<line number="87" hits="3" branch="false"/>
					<line number="88" hits="3" branch="false"/>
					<line number="89" hits="3" branch="false"/>
					<line number="90" hits="3" branch="false"/>
					<line number="91" hits="3" branch="false"/>
					<line number="92" hits="3" branch="false"/>
					<line number="93" hits="3" branch="false"/>
					<line number="94" hits="3" branch="false"/>
					<line number="95" hits="3" branch="false"/>
					<line number="96" hits="3" branch="false"/>
					<line number="97" hits="3" branch="false"/>
					<line number="98" hits="3" branch="false"/>
					<line number="99" hits="3" branch="false"/>
					<line number="100" hits="3" branch="false"/>
					<line number="101" hits="3" branch="false"/>
					<line number="102" hits="3" branch="false"/>
					<line number="103" hits="3" branch="false"/>
					<line number="104" hits="3" branch="false"/>
					<line number="105" hits="3" branch="false"/>
					<line number="106" hits="3" branch="false"/>
					<line number="107" hits="3" branch="false"/>
					<line number="108" hits="3" branch="false"/>
					<line number="109" hits="3" branch="false"/>
					<line number="110" hits="3" branch="false"/>
					<line number="111" hits="3" branch="false"/>
					<line number="112" hits="3" branch="false"/>
					<line number="113" hits="3" branch="false"/>
					<line number="114" hits="3" branch="false"/>
					<line number="115" hits="3" branch="false"/>
					<line number="116" hits="3" branch="false"/>
					<line number="117" hits="3" branch="false"/>
					<line number="118" hits="3" branch="false"/>
				</lines>
			</class>
		</package>
		<package name="speccer.src.utils.typeof.__tests__" line-rate="1.0000" branch-rate="1.0000">
			<class name="typeof.ts" filename="src/utils/typeof/__tests__/typeof.ts" line-rate="1.0000" branch-rate="1.0000">
				<methods >
					<method name="(anonymous_0)" hits="1" signature="()V">
						<lines >
							<line number="12" hits="1"/>
						</lines>
					</method>
					<method name="(anonymous_1)" hits="1" signature="()V">
						<lines >
							<line number="16" hits="1"/>
						</lines>
					</method>
					<method name="(anonymous_2)" hits="1" signature="()V">
						<lines >
							<line number="19" hits="1"/>
						</lines>
					</method>
					<method name="(anonymous_3)" hits="1" signature="()V">
						<lines >
							<line number="22" hits="1"/>
						</lines>
					</method>
					<method name="(anonymous_4)" hits="1" signature="()V">
						<lines >
							<line number="26" hits="1"/>
						</lines>
					</method>
					<method name="(anonymous_5)" hits="1" signature="()V">
						<lines >
							<line number="28" hits="1"/>
						</lines>
					</method>
					<method name="(anonymous_6)" hits="1" signature="()V">
						<lines >
							<line number="33" hits="1"/>
						</lines>
					</method>
					<method name="(anonymous_7)" hits="1" signature="()V">
						<lines >
							<line number="35" hits="1"/>
						</lines>
					</method>
					<method name="(anonymous_8)" hits="1" signature="()V">
						<lines >
							<line number="40" hits="1"/>
						</lines>
					</method>
					<method name="(anonymous_9)" hits="1" signature="()V">
						<lines >
							<line number="42" hits="1"/>
						</lines>
					</method>
					<method name="(anonymous_10)" hits="1" signature="()V">
						<lines >
							<line number="48" hits="1"/>
						</lines>
					</method>
					<method name="(anonymous_11)" hits="1" signature="()V">
						<lines >
							<line number="49" hits="1"/>
						</lines>
					</method>
					<method name="(anonymous_12)" hits="1" signature="()V">
						<lines >
							<line number="55" hits="1"/>
						</lines>
					</method>
					<method name="(anonymous_13)" hits="1" signature="()V">
						<lines >
							<line number="56" hits="1"/>
						</lines>
					</method>
					<method name="(anonymous_14)" hits="1" signature="()V">
						<lines >
							<line number="60" hits="1"/>
						</lines>
					</method>
					<method name="(anonymous_15)" hits="1" signature="()V">
						<lines >
							<line number="63" hits="1"/>
						</lines>
					</method>
				</methods>
				<lines >
					<line number="1" hits="1" branch="true" condition-coverage="100% (1/1)"/>
					<line number="2" hits="1" branch="false"/>
					<line number="3" hits="1" branch="false"/>
					<line number="4" hits="1" branch="false"/>
					<line number="5" hits="1" branch="false"/>
					<line number="6" hits="1" branch="false"/>
					<line number="7" hits="1" branch="false"/>
					<line number="8" hits="1" branch="false"/>
					<line number="9" hits="1" branch="false"/>
					<line number="10" hits="1" branch="false"/>
					<line number="11" hits="1" branch="false"/>
					<line number="12" hits="1" branch="true" condition-coverage="100% (1/1)"/>
					<line number="13" hits="1" branch="false"/>
					<line number="14" hits="1" branch="false"/>
					<line number="15" hits="1" branch="false"/>
					<line number="16" hits="1" branch="true" condition-coverage="100% (1/1)"/>
					<line number="17" hits="1" branch="false"/>
					<line number="18" hits="1" branch="false"/>
					<line number="19" hits="1" branch="true" condition-coverage="100% (1/1)"/>
					<line number="20" hits="1" branch="false"/>
					<line number="21" hits="1" branch="false"/>
					<line number="22" hits="1" branch="true" condition-coverage="100% (1/1)"/>
					<line number="23" hits="1" branch="false"/>
					<line number="24" hits="1" branch="false"/>
					<line number="25" hits="1" branch="false"/>
					<line number="26" hits="1" branch="true" condition-coverage="100% (1/1)"/>
					<line number="27" hits="1" branch="false"/>
					<line number="28" hits="1" branch="true" condition-coverage="100% (1/1)"/>
					<line number="29" hits="1" branch="false"/>
					<line number="30" hits="1" branch="false"/>
					<line number="31" hits="1" branch="false"/>
					<line number="32" hits="1" branch="false"/>
					<line number="33" hits="1" branch="true" condition-coverage="100% (1/1)"/>
					<line number="34" hits="1" branch="false"/>
					<line number="35" hits="1" branch="true" condition-coverage="100% (1/1)"/>
					<line number="36" hits="1" branch="false"/>
					<line number="37" hits="1" branch="false"/>
					<line number="38" hits="1" branch="false"/>
					<line number="39" hits="1" branch="false"/>
					<line number="40" hits="1" branch="true" condition-coverage="100% (1/1)"/>
					<line number="41" hits="1" branch="false"/>
					<line number="42" hits="1" branch="true" condition-coverage="100% (1/1)"/>
					<line number="43" hits="1" branch="false"/>
					<line number="44" hits="1" branch="false"/>
					<line number="45" hits="1" branch="false"/>
					<line number="46" hits="1" branch="false"/>
					<line number="47" hits="1" branch="false"/>
					<line number="48" hits="1" branch="true" condition-coverage="100% (1/1)"/>
					<line number="49" hits="1" branch="true" condition-coverage="100% (1/1)"/>
					<line number="50" hits="1" branch="false"/>
					<line number="51" hits="1" branch="false"/>
					<line number="52" hits="1" branch="false"/>
					<line number="53" hits="1" branch="false"/>
					<line number="54" hits="1" branch="false"/>
					<line number="55" hits="1" branch="true" condition-coverage="100% (1/1)"/>
					<line number="56" hits="1" branch="true" condition-coverage="100% (1/1)"/>
					<line number="57" hits="1" branch="false"/>
					<line number="58" hits="1" branch="false"/>
					<line number="59" hits="1" branch="false"/>
					<line number="60" hits="1" branch="true" condition-coverage="100% (1/1)"/>
					<line number="61" hits="1" branch="false"/>
					<line number="62" hits="1" branch="false"/>
					<line number="63" hits="1" branch="true" condition-coverage="100% (1/1)"/>
					<line number="64" hits="1" branch="false"/>
					<line number="65" hits="1" branch="false"/>
					<line number="66" hits="1" branch="false"/>
					<line number="67" hits="1" branch="false"/>
					<line number="68" hits="1" branch="false"/>
					<line number="69" hits="1" branch="false"/>
					<line number="70" hits="1" branch="false"/>
					<line number="71" hits="1" branch="false"/>
					<line number="72" hits="1" branch="false"/>
					<line number="73" hits="1" branch="false"/>
					<line number="74" hits="1" branch="false"/>
					<line number="75" hits="1" branch="false"/>
					<line number="76" hits="1" branch="false"/>
					<line number="77" hits="1" branch="false"/>
					<line number="78" hits="1" branch="false"/>
				</lines>
			</class>
		</package>
		<package name="speccer.src.utils.typeof" line-rate="1.0000" branch-rate="1.0000">
			<class name="index.ts" filename="src/utils/typeof/index.ts" line-rate="1.0000" branch-rate="1.0000">
				<methods >
					<method name="__name" hits="96" signature="()V">
						<lines >
							<line number="2" hits="96"/>
						</lines>
					</method>
					<method name="(anonymous_1)" hits="25" signature="()V">
						<lines >
							<line number="5" hits="25"/>
						</lines>
					</method>
					<method name="(anonymous_2)" hits="19" signature="()V">
						<lines >
							<line number="6" hits="19"/>
						</lines>
					</method>
					<method name="(anonymous_3)" hits="26" signature="()V">
						<lines >
							<line number="8" hits="26"/>
						</lines>
					</method>
					<method name="(anonymous_4)" hits="20" signature="()V">
						<lines >
							<line number="12" hits="20"/>
						</lines>
					</method>
					<method name="(anonymous_5)" hits="10" signature="()V">
						<lines >
							<line number="14" hits="10"/>
						</lines>
					</method>
					<method name="(anonymous_6)" hits="4" signature="()V">
						<lines >
							<line number="15" hits="4"/>
						</lines>
					</method>
					<method name="(anonymous_7)" hits="25" signature="()V">
						<lines >
							<line number="17" hits="25"/>
						</lines>
					</method>
					<method name="(anonymous_8)" hits="4" signature="()V">
						<lines >
							<line number="22" hits="4"/>
						</lines>
					</method>
				</methods>
				<lines >
					<line number="1" hits="12" branch="true" condition-coverage="100% (1/1)"/>
					<line number="2" hits="12" branch="true" condition-coverage="100% (1/1)"/>
					<line number="3" hits="96" branch="false"/>
					<line number="4" hits="96" branch="false"/>
					<line number="5" hits="12" branch="true" condition-coverage="100% (1/1)"/>
					<line number="6" hits="12" branch="true" condition-coverage="100% (1/1)"/>
					<line number="7" hits="19" branch="false"/>
					<line number="8" hits="12" branch="true" condition-coverage="100% (1/1)"/>
					<line number="9" hits="12" branch="false"/>
					<line number="10" hits="12" branch="false"/>
					<line number="11" hits="12" branch="false"/>
					<line number="12" hits="12" branch="true" condition-coverage="100% (1/1)"/>
					<line number="13" hits="20" branch="false"/>
					<line number="14" hits="12" branch="true" condition-coverage="100% (1/1)"/>
					<line number="15" hits="12" branch="true" condition-coverage="100% (1/1)"/>
					<line number="16" hits="4" branch="false"/>
					<line number="17" hits="12" branch="true" condition-coverage="100% (1/1)"/>
					<line number="18" hits="25" branch="false"/>
					<line number="19" hits="25" branch="false"/>
					<line number="20" hits="12" branch="false"/>
					<line number="21" hits="12" branch="false"/>
					<line number="22" hits="12" branch="true" condition-coverage="100% (1/1)"/>
					<line number="23" hits="12" branch="false"/>
					<line number="24" hits="12" branch="false"/>
					<line number="25" hits="12" branch="false"/>
					<line number="26" hits="12" branch="false"/>
					<line number="27" hits="12" branch="false"/>
					<line number="28" hits="12" branch="false"/>
					<line number="29" hits="12" branch="false"/>
					<line number="30" hits="12" branch="false"/>
					<line number="31" hits="12" branch="false"/>
					<line number="32" hits="12" branch="false"/>
					<line number="33" hits="12" branch="false"/>
					<line number="34" hits="12" branch="false"/>
					<line number="35" hits="12" branch="false"/>
					<line number="36" hits="12" branch="false"/>
					<line number="37" hits="12" branch="false"/>
					<line number="38" hits="12" branch="false"/>
					<line number="39" hits="12" branch="false"/>
					<line number="40" hits="12" branch="false"/>
					<line number="41" hits="12" branch="false"/>
					<line number="42" hits="12" branch="false"/>
					<line number="43" hits="12" branch="false"/>
					<line number="44" hits="12" branch="false"/>
					<line number="45" hits="12" branch="false"/>
					<line number="46" hits="12" branch="false"/>
					<line number="47" hits="12" branch="false"/>
					<line number="48" hits="12" branch="false"/>
					<line number="49" hits="0" branch="false"/>
					<line number="50" hits="0" branch="false"/>
					<line number="51" hits="0" branch="false"/>
					<line number="52" hits="0" branch="false"/>
					<line number="53" hits="0" branch="false"/>
					<line number="54" hits="0" branch="false"/>
					<line number="55" hits="0" branch="false"/>
					<line number="56" hits="0" branch="false"/>
					<line number="57" hits="0" branch="false"/>
					<line number="58" hits="0" branch="false"/>
					<line number="59" hits="0" branch="false"/>
					<line number="60" hits="0" branch="false"/>
					<line number="61" hits="0" branch="false"/>
					<line number="62" hits="0" branch="false"/>
					<line number="63" hits="0" branch="false"/>
					<line number="64" hits="0" branch="false"/>
					<line number="65" hits="0" branch="false"/>
					<line number="66" hits="0" branch="false"/>
					<line number="67" hits="0" branch="false"/>
					<line number="68" hits="0" branch="false"/>
					<line number="69" hits="0" branch="false"/>
					<line number="70" hits="0" branch="false"/>
				</lines>
			</class>
		</package>
	</packages>
</coverage>
